EG PSI Type:  EgPsiType.TYPE2

Setup time: 4.25946

Client: 0, Client Setup Time: 0.29610600002524734

Client: 1, Client Setup Time: 0.2899829000016325

Client: 2, Client Setup Time: 0.29061050002383126

Client: 3, Client Setup Time: 0.29667869999684626

Client: 4, Client Setup Time: 0.3145743000186485

Client: 5, Client Setup Time: 0.3081271999908495

Client: 6, Client Setup Time: 0.29779749999761407

Client: 7, Client Setup Time: 0.29113670001606806

Client: 8, Client Setup Time: 0.29377009999188886

Client: 9, Client Setup Time: 0.328740300006757

Client: 0, TP Setup Time: 0.1236947999750555

Client: 1, TP Setup Time: 0.12171629999829747

Client: 2, TP Setup Time: 0.12253349997627083

Client: 3, TP Setup Time: 0.12416070000290347

Client: 4, TP Setup Time: 0.12984249998226005

Client: 5, TP Setup Time: 0.12774660000832228

Client: 6, TP Setup Time: 0.12466600000152539

Client: 7, TP Setup Time: 0.12210619998404582

Client: 8, TP Setup Time: 0.12257520000821387

Client: 9, TP Setup Time: 0.13289049999366398


Current Level:  3

Client: 4
Send Times:  [0.0]

Client: 4, Client Send Time: 5.000001692678779e-07

Client: 9
Send Times:  [0.0]

Client: 9, Client Send Time: 3.9999940781854093e-07

Client: 3
Receive Times:  [0.0]

Client: 3, Client Receive Time: 9.000013960758224e-07

Client: 8
Receive Times:  [0.0]

Client: 8, Client Receive Time: 5.999991117278114e-07

Send Time of Group 1: 0.0

Receive Time of Group 0: 0.0

Client: 3, Client Deduplicate Time: 9e-05

Client: 8, Client Deduplicate Time: 9e-05


Current Level:  2

Client: 1
Send Times:  [0.0]

Client: 1, Client Send Time: 1.2000000424450263e-06

Client: 3
Send Times:  [0.0]

Client: 3, Client Send Time: 5.000001692678779e-07

Client: 4
Send Times:  [0.0]

Client: 4, Client Send Time: 3.9999940781854093e-07

Client: 6
Send Times:  [0.0]

Client: 6, Client Send Time: 5.000001692678779e-07

Client: 8
Send Times:  [0.0]

Client: 8, Client Send Time: 3.9999940781854093e-07

Client: 9
Send Times:  [0.0]

Client: 9, Client Send Time: 3.9999940781854093e-07

Client: 0
Receive Times:  [0.0]

Client: 0, Client Receive Time: 2.7999994927085936e-06

Client: 2
Receive Times:  [0.0, 0.0]

Client: 2, Client Receive Time: 5.999991117278114e-07

Client: 5
Receive Times:  [0.0]

Client: 5, Client Receive Time: 6.000009307172149e-07

Client: 7
Receive Times:  [0.0, 0.0]

Client: 7, Client Receive Time: 5.000001692678779e-07

Send Time of Group 1: 0.0

Receive Time of Group 0: 0.0

Client: 0, Client Deduplicate Time: 9e-05

Client: 2, Client Deduplicate Time: 0.00017

Client: 5, Client Deduplicate Time: 9e-05

Client: 7, Client Deduplicate Time: 0.00017


Current Level:  1

Client: 2
Send Times:  [0.0, 0.0]

Client: 2, Client Send Time: 5.000001692678779e-07

Client: 3
Send Times:  [0.0, 0.0]

Client: 3, Client Send Time: 4.000012268079445e-07

Client: 4
Send Times:  [0.0, 0.0]

Client: 4, Client Send Time: 3.0000046535860747e-07

Client: 7
Send Times:  [0.0, 0.0]

Client: 7, Client Send Time: 4.000012268079445e-07

Client: 8
Send Times:  [0.0, 0.0]

Client: 8, Client Send Time: 3.9999940781854093e-07

Client: 9
Send Times:  [0.0, 0.0]

Client: 9, Client Send Time: 3.0000046535860747e-07

Client: 0
Receive Times:  [0.0, 0.0, 0.0]

Client: 0, Client Receive Time: 5.000001692678779e-07

Client: 1
Receive Times:  [1e-05, 0.0, 0.0]

Client: 1, Client Receive Time: 8.200000593205914e-06

Client: 5
Receive Times:  [0.0, 0.0, 0.0]

Client: 5, Client Receive Time: 6.000009307172149e-07

Client: 6
Receive Times:  [0.0, 0.0, 0.0]

Client: 6, Client Receive Time: 4.999983502784744e-07

Send Time of Group 1: 0.0

Receive Time of Group 0: 1e-05

Client: 0, Client Deduplicate Time: 0.00023

Client: 1, Client Deduplicate Time: 0.00024

Client: 5, Client Deduplicate Time: 0.00024

Client: 6, Client Deduplicate Time: 0.00024


Current Level:  0

Client: 5
Send Times:  [0.0, 0.0, 0.0, 0.0, 0.0]

Client: 5, Client Send Time: 3.9999940781854093e-07

Client: 6
Send Times:  [0.0, 0.0, 0.0, 0.0, 0.0]

Client: 6, Client Send Time: 4.000012268079445e-07

Client: 7
Send Times:  [0.0, 0.0, 0.0, 0.0, 0.0]

Client: 7, Client Send Time: 3.0000046535860747e-07

Client: 8
Send Times:  [0.0, 0.0, 0.0, 0.0, 0.0]

Client: 8, Client Send Time: 4.000012268079445e-07

Client: 9
Send Times:  [0.0, 0.0, 0.0, 0.0, 0.0]

Client: 9, Client Send Time: 4.000012268079445e-07

Client: 0
Receive Times:  [0.0, 0.0, 0.0, 0.0, 0.0]

Client: 0, Client Receive Time: 6.000009307172149e-07

Client: 1
Receive Times:  [0.0, 0.0, 0.0, 0.0, 0.0]

Client: 1, Client Receive Time: 5.000001692678779e-07

Client: 2
Receive Times:  [0.0, 0.0, 0.0, 0.0, 0.0]

Client: 2, Client Receive Time: 4.000012268079445e-07

Client: 3
Receive Times:  [0.0, 0.0, 0.0, 0.0, 0.0]

Client: 3, Client Receive Time: 4.000012268079445e-07

Client: 4
Receive Times:  [0.0, 0.0, 0.0, 0.0, 0.0]

Client: 4, Client Receive Time: 4.000012268079445e-07

Send Time of Group 1: 0.0

Receive Time of Group 0: 0.0

Client: 0, Client Deduplicate Time: 0.00039

Client: 1, Client Deduplicate Time: 0.00039

Client: 2, Client Deduplicate Time: 0.00039

Client: 3, Client Deduplicate Time: 0.0004

Client: 4, Client Deduplicate Time: 0.00039


Total time for entire protocol: 4.26037

Wall clock time
Start time:  2025-02-19 15:33:58.771309
End time:  2025-02-19 15:34:03.336123

Total data with duplicates:  10310
Total data without duplicates:  8735
