EG PSI Type:  EgPsiType.TYPE2

Setup time: 4.06282

Client: 0, Client Setup Time: 0.2847897000028752

Client: 1, Client Setup Time: 0.285172500038243

Client: 2, Client Setup Time: 0.2885617999800161

Client: 3, Client Setup Time: 0.2832775999668229

Client: 4, Client Setup Time: 0.2816675000030955

Client: 5, Client Setup Time: 0.27986430004057183

Client: 6, Client Setup Time: 0.2879319000403484

Client: 7, Client Setup Time: 0.28881599999658647

Client: 8, Client Setup Time: 0.29786389998662344

Client: 9, Client Setup Time: 0.2861930000144639

Client: 0, TP Setup Time: 0.12039579999691341

Client: 1, TP Setup Time: 0.11874179996084422

Client: 2, TP Setup Time: 0.12105840002004697

Client: 3, TP Setup Time: 0.11861600003248896

Client: 4, TP Setup Time: 0.11856599999555328

Client: 5, TP Setup Time: 0.11711669995929697

Client: 6, TP Setup Time: 0.12000929996065679

Client: 7, TP Setup Time: 0.12074650000431575

Client: 8, TP Setup Time: 0.12300040001355228

Client: 9, TP Setup Time: 0.12042809998638404


Current Level:  3

Client: 4
Send Times:  [0.0]

Client: 4, Client Send Time: 1.0000003385357559e-06

Client: 9
Send Times:  [0.0]

Client: 9, Client Send Time: 5.999991117278114e-07

Client: 3
Receive Times:  [0.0]

Client: 3, Client Receive Time: 1.0000003385357559e-06

Client: 8
Receive Times:  [0.0]

Client: 8, Client Receive Time: 1.0000003385357559e-06

Send Time of Group 1: 0.0

Receive Time of Group 0: 0.0

Client: 3, Client Deduplicate Time: 0.00015

Client: 8, Client Deduplicate Time: 0.00015


Current Level:  2

Client: 1
Send Times:  [0.0]

Client: 1, Client Send Time: 1.2000000424450263e-06

Client: 3
Send Times:  [0.0]

Client: 3, Client Send Time: 6.000009307172149e-07

Client: 4
Send Times:  [0.0]

Client: 4, Client Send Time: 5.000001692678779e-07

Client: 6
Send Times:  [0.0]

Client: 6, Client Send Time: 7.00001692166552e-07

Client: 8
Send Times:  [0.0]

Client: 8, Client Send Time: 5.000001692678779e-07

Client: 9
Send Times:  [0.0]

Client: 9, Client Send Time: 5.000001692678779e-07

Client: 0
Receive Times:  [0.0]

Client: 0, Client Receive Time: 2.200000380980782e-06

Client: 2
Receive Times:  [0.0, 0.0]

Client: 2, Client Receive Time: 8.000006346264854e-07

Client: 5
Receive Times:  [0.0]

Client: 5, Client Receive Time: 1.3999997463542968e-06

Client: 7
Receive Times:  [0.0, 0.0]

Client: 7, Client Receive Time: 6.999998731771484e-07

Send Time of Group 1: 0.0

Receive Time of Group 0: 0.0

Client: 0, Client Deduplicate Time: 0.00015

Client: 2, Client Deduplicate Time: 0.00029

Client: 5, Client Deduplicate Time: 0.00015

Client: 7, Client Deduplicate Time: 0.00033


Current Level:  1

Client: 2
Send Times:  [0.0, 0.0]

Client: 2, Client Send Time: 5.000001692678779e-07

Client: 3
Send Times:  [0.0, 0.0]

Client: 3, Client Send Time: 4.000012268079445e-07

Client: 4
Send Times:  [0.0, 0.0]

Client: 4, Client Send Time: 3.9999940781854093e-07

Client: 7
Send Times:  [0.0, 0.0]

Client: 7, Client Send Time: 6.000009307172149e-07

Client: 8
Send Times:  [0.0, 1e-05]

Client: 8, Client Send Time: 5.399999281507917e-06

Client: 9
Send Times:  [0.0, 0.0]

Client: 9, Client Send Time: 4.999983502784744e-07

Client: 0
Receive Times:  [0.0, 0.0, 0.0]

Client: 0, Client Receive Time: 5.999991117278114e-07

Client: 1
Receive Times:  [0.0, 0.0, 0.0]

Client: 1, Client Receive Time: 5.999991117278114e-07

Client: 5
Receive Times:  [0.0, 0.0, 0.0]

Client: 5, Client Receive Time: 6.999998731771484e-07

Client: 6
Receive Times:  [0.0, 0.0, 0.0]

Client: 6, Client Receive Time: 6.000009307172149e-07

Send Time of Group 1: 1e-05

Receive Time of Group 0: 0.0

Client: 0, Client Deduplicate Time: 0.00043

Client: 1, Client Deduplicate Time: 0.00058

Client: 5, Client Deduplicate Time: 0.00025

Client: 6, Client Deduplicate Time: 0.00033


Current Level:  0

Client: 5
Send Times:  [0.0, 0.0, 0.0, 0.0, 0.0]

Client: 5, Client Send Time: 3.9999940781854093e-07

Client: 6
Send Times:  [0.0, 0.0, 0.0, 0.0, 0.0]

Client: 6, Client Send Time: 3.0000046535860747e-07

Client: 7
Send Times:  [0.0, 0.0, 0.0, 0.0, 0.0]

Client: 7, Client Send Time: 3.0000046535860747e-07

Client: 8
Send Times:  [0.0, 0.0, 0.0, 0.0, 0.0]

Client: 8, Client Send Time: 3.0000046535860747e-07

Client: 9
Send Times:  [0.0, 0.0, 0.0, 0.0, 0.0]

Client: 9, Client Send Time: 3.0000046535860747e-07

Client: 0
Receive Times:  [0.0, 0.0, 0.0, 0.0, 0.0]

Client: 0, Client Receive Time: 5.999991117278114e-07

Client: 1
Receive Times:  [0.0, 0.0, 0.0, 0.0, 0.0]

Client: 1, Client Receive Time: 4.000012268079445e-07

Client: 2
Receive Times:  [0.0, 0.0, 0.0, 0.0, 0.0]

Client: 2, Client Receive Time: 3.9999940781854093e-07

Client: 3
Receive Times:  [0.0, 0.0, 0.0, 0.0, 0.0]

Client: 3, Client Receive Time: 4.000012268079445e-07

Client: 4
Receive Times:  [0.0, 0.0, 0.0, 0.0, 0.0]

Client: 4, Client Receive Time: 4.000012268079445e-07

Send Time of Group 1: 0.0

Receive Time of Group 0: 0.0

Client: 0, Client Deduplicate Time: 0.00044

Client: 1, Client Deduplicate Time: 0.00048

Client: 2, Client Deduplicate Time: 0.00049

Client: 3, Client Deduplicate Time: 0.00048

Client: 4, Client Deduplicate Time: 0.00045


Total time for entire protocol: 4.06438

Wall clock time
Start time:  2025-02-19 15:34:49.313399
End time:  2025-02-19 15:34:53.678408

Total data with duplicates:  10270
Total data without duplicates:  6670
