EG PSI Type:  EgPsiType.TYPE2

Setup time: 8.1982

Client: 0, Client Setup Time: 0.2869423000047391

Client: 1, Client Setup Time: 0.2976304999756394

Client: 2, Client Setup Time: 0.29066320000129053

Client: 3, Client Setup Time: 0.2851683000171761

Client: 4, Client Setup Time: 0.2883176000068488

Client: 5, Client Setup Time: 0.2892221999973117

Client: 6, Client Setup Time: 0.2850311000165675

Client: 7, Client Setup Time: 0.2912394999930257

Client: 8, Client Setup Time: 0.2843449999290897

Client: 9, Client Setup Time: 0.2953156999737985

Client: 10, Client Setup Time: 0.28516860000127053

Client: 11, Client Setup Time: 0.28833259999555594

Client: 12, Client Setup Time: 0.28594299999895156

Client: 13, Client Setup Time: 0.28918219998922723

Client: 14, Client Setup Time: 0.28740050001033524

Client: 15, Client Setup Time: 0.28751950000696525

Client: 16, Client Setup Time: 0.2851029000066774

Client: 17, Client Setup Time: 0.2858386999741924

Client: 18, Client Setup Time: 0.2876219000117999

Client: 19, Client Setup Time: 0.3004928000009386

Client: 0, TP Setup Time: 0.12007839999569114

Client: 1, TP Setup Time: 0.12428210002508422

Client: 2, TP Setup Time: 0.12209469999834255

Client: 3, TP Setup Time: 0.11949579998326954

Client: 4, TP Setup Time: 0.12105319999318453

Client: 5, TP Setup Time: 0.12174050000248826

Client: 6, TP Setup Time: 0.11985079998339643

Client: 7, TP Setup Time: 0.12207330000819638

Client: 8, TP Setup Time: 0.11889270007122832

Client: 9, TP Setup Time: 0.12426580002647825

Client: 10, TP Setup Time: 0.1196628999987297

Client: 11, TP Setup Time: 0.12084960000356659

Client: 12, TP Setup Time: 0.1192867000008846

Client: 13, TP Setup Time: 0.12127150000924303

Client: 14, TP Setup Time: 0.12063409999063879

Client: 15, TP Setup Time: 0.12083039999379253

Client: 16, TP Setup Time: 0.11998429999221116

Client: 17, TP Setup Time: 0.11956790002659545

Client: 18, TP Setup Time: 0.12009639998723287

Client: 19, TP Setup Time: 0.12571199999911187


Current Level:  4

Client: 4
Send Times:  [0.0]

Client: 4, Client Send Time: 3.9999940781854093e-07

Client: 9
Send Times:  [0.0]

Client: 9, Client Send Time: 4.000012268079445e-07

Client: 14
Send Times:  [0.0]

Client: 14, Client Send Time: 4.000012268079445e-07

Client: 19
Send Times:  [0.0]

Client: 19, Client Send Time: 3.9999940781854093e-07

Client: 3
Receive Times:  [0.0]

Client: 3, Client Receive Time: 8.000006346264854e-07

Client: 8
Receive Times:  [0.0]

Client: 8, Client Receive Time: 4.999983502784744e-07

Client: 13
Receive Times:  [0.0]

Client: 13, Client Receive Time: 5.000001692678779e-07

Client: 18
Receive Times:  [0.0]

Client: 18, Client Receive Time: 3.9999940781854093e-07

Send Time of Group 1: 0.0

Receive Time of Group 0: 0.0

Client: 3, Client Deduplicate Time: 8e-05

Client: 8, Client Deduplicate Time: 8e-05

Client: 13, Client Deduplicate Time: 8e-05

Client: 18, Client Deduplicate Time: 8e-05


Current Level:  3

Client: 1
Send Times:  [0.0]

Client: 1, Client Send Time: 8.999995770864189e-07

Client: 3
Send Times:  [0.0]

Client: 3, Client Send Time: 3.9999940781854093e-07

Client: 4
Send Times:  [0.0]

Client: 4, Client Send Time: 3.0000046535860747e-07

Client: 6
Send Times:  [0.0]

Client: 6, Client Send Time: 3.9999940781854093e-07

Client: 8
Send Times:  [0.0]

Client: 8, Client Send Time: 3.0000046535860747e-07

Client: 9
Send Times:  [0.0]

Client: 9, Client Send Time: 2.999986463692039e-07

Client: 11
Send Times:  [0.0]

Client: 11, Client Send Time: 4.999983502784744e-07

Client: 13
Send Times:  [0.0]

Client: 13, Client Send Time: 3.9999940781854093e-07

Client: 14
Send Times:  [0.0]

Client: 14, Client Send Time: 2.999986463692039e-07

Client: 16
Send Times:  [0.0]

Client: 16, Client Send Time: 3.9999940781854093e-07

Client: 18
Send Times:  [0.0]

Client: 18, Client Send Time: 3.9999940781854093e-07

Client: 19
Send Times:  [0.0]

Client: 19, Client Send Time: 3.0000046535860747e-07

Client: 0
Receive Times:  [0.0]

Client: 0, Client Receive Time: 1.7999991541728377e-06

Client: 2
Receive Times:  [0.0, 0.0]

Client: 2, Client Receive Time: 5.999991117278114e-07

Client: 5
Receive Times:  [0.0]

Client: 5, Client Receive Time: 5.000001692678779e-07

Client: 7
Receive Times:  [0.0, 0.0]

Client: 7, Client Receive Time: 5.000001692678779e-07

Client: 10
Receive Times:  [0.0]

Client: 10, Client Receive Time: 8.000006346264854e-07

Client: 12
Receive Times:  [0.0, 0.0]

Client: 12, Client Receive Time: 5.000001692678779e-07

Client: 15
Receive Times:  [0.0]

Client: 15, Client Receive Time: 5.000001692678779e-07

Client: 17
Receive Times:  [0.0, 0.0]

Client: 17, Client Receive Time: 3.9999940781854093e-07

Send Time of Group 1: 0.0

Receive Time of Group 0: 0.0

Client: 0, Client Deduplicate Time: 8e-05

Client: 2, Client Deduplicate Time: 0.00014

Client: 5, Client Deduplicate Time: 8e-05

Client: 7, Client Deduplicate Time: 0.00014

Client: 10, Client Deduplicate Time: 8e-05

Client: 12, Client Deduplicate Time: 0.00015

Client: 15, Client Deduplicate Time: 8e-05

Client: 17, Client Deduplicate Time: 0.00014


Current Level:  2

Client: 2
Send Times:  [0.0, 0.0]

Client: 2, Client Send Time: 4.000012268079445e-07

Client: 3
Send Times:  [0.0, 0.0]

Client: 3, Client Send Time: 4.000012268079445e-07

Client: 4
Send Times:  [0.0, 0.0]

Client: 4, Client Send Time: 3.0000046535860747e-07

Client: 7
Send Times:  [0.0, 0.0]

Client: 7, Client Send Time: 4.000012268079445e-07

Client: 8
Send Times:  [0.0, 0.0]

Client: 8, Client Send Time: 3.9999940781854093e-07

Client: 9
Send Times:  [0.0, 0.0]

Client: 9, Client Send Time: 3.0000046535860747e-07

Client: 12
Send Times:  [0.0, 0.0]

Client: 12, Client Send Time: 3.9999940781854093e-07

Client: 13
Send Times:  [0.0, 0.0]

Client: 13, Client Send Time: 3.9999940781854093e-07

Client: 14
Send Times:  [0.0, 0.0]

Client: 14, Client Send Time: 3.0000046535860747e-07

Client: 17
Send Times:  [0.0, 0.0]

Client: 17, Client Send Time: 5.000001692678779e-07

Client: 18
Send Times:  [0.0, 0.0]

Client: 18, Client Send Time: 3.0000046535860747e-07

Client: 19
Send Times:  [0.0, 0.0]

Client: 19, Client Send Time: 3.9999940781854093e-07

Client: 0
Receive Times:  [0.0, 0.0, 0.0]

Client: 0, Client Receive Time: 5.000001692678779e-07

Client: 1
Receive Times:  [0.0, 0.0, 0.0]

Client: 1, Client Receive Time: 4.999983502784744e-07

Client: 5
Receive Times:  [0.0, 0.0, 0.0]

Client: 5, Client Receive Time: 5.000001692678779e-07

Client: 6
Receive Times:  [0.0, 0.0, 0.0]

Client: 6, Client Receive Time: 3.9999940781854093e-07

Client: 10
Receive Times:  [0.0, 0.0, 0.0]

Client: 10, Client Receive Time: 5.000001692678779e-07

Client: 11
Receive Times:  [0.0, 0.0, 0.0]

Client: 11, Client Receive Time: 5.000001692678779e-07

Client: 15
Receive Times:  [0.0, 0.0, 0.0]

Client: 15, Client Receive Time: 5.000001692678779e-07

Client: 16
Receive Times:  [0.0, 0.0, 0.0]

Client: 16, Client Receive Time: 5.000001692678779e-07

Send Time of Group 1: 0.0

Receive Time of Group 0: 0.0

Client: 0, Client Deduplicate Time: 0.00021

Client: 1, Client Deduplicate Time: 0.00021

Client: 5, Client Deduplicate Time: 0.00021

Client: 6, Client Deduplicate Time: 0.00021

Client: 10, Client Deduplicate Time: 0.00021

Client: 11, Client Deduplicate Time: 0.00021

Client: 15, Client Deduplicate Time: 0.00021

Client: 16, Client Deduplicate Time: 0.00021


Current Level:  1

Client: 5
Send Times:  [0.0, 0.0, 0.0, 0.0, 0.0]

Client: 5, Client Send Time: 4.000012268079445e-07

Client: 6
Send Times:  [0.0, 0.0, 0.0, 0.0, 0.0]

Client: 6, Client Send Time: 4.000012268079445e-07

Client: 7
Send Times:  [0.0, 0.0, 0.0, 0.0, 0.0]

Client: 7, Client Send Time: 3.9999940781854093e-07

Client: 8
Send Times:  [0.0, 0.0, 0.0, 0.0, 0.0]

Client: 8, Client Send Time: 5.000001692678779e-07

Client: 9
Send Times:  [0.0, 0.0, 0.0, 0.0, 0.0]

Client: 9, Client Send Time: 4.000012268079445e-07

Client: 15
Send Times:  [0.0, 0.0, 0.0, 0.0, 0.0]

Client: 15, Client Send Time: 3.9999940781854093e-07

Client: 16
Send Times:  [0.0, 0.0, 0.0, 0.0, 0.0]

Client: 16, Client Send Time: 3.0000046535860747e-07

Client: 17
Send Times:  [0.0, 0.0, 0.0, 0.0, 0.0]

Client: 17, Client Send Time: 3.0000046535860747e-07

Client: 18
Send Times:  [0.0, 0.0, 0.0, 0.0, 0.0]

Client: 18, Client Send Time: 3.0000046535860747e-07

Client: 19
Send Times:  [0.0, 0.0, 0.0, 0.0, 0.0]

Client: 19, Client Send Time: 3.0000046535860747e-07

Client: 0
Receive Times:  [0.0, 0.0, 0.0, 0.0, 0.0]

Client: 0, Client Receive Time: 5.000001692678779e-07

Client: 1
Receive Times:  [0.0, 0.0, 0.0, 0.0, 0.0]

Client: 1, Client Receive Time: 5.000001692678779e-07

Client: 2
Receive Times:  [0.0, 0.0, 0.0, 0.0, 0.0]

Client: 2, Client Receive Time: 3.9999940781854093e-07

Client: 3
Receive Times:  [0.0, 0.0, 0.0, 0.0, 0.0]

Client: 3, Client Receive Time: 4.000012268079445e-07

Client: 4
Receive Times:  [0.0, 0.0, 0.0, 0.0, 0.0]

Client: 4, Client Receive Time: 5.000001692678779e-07

Client: 10
Receive Times:  [0.0, 0.0, 0.0, 0.0, 0.0]

Client: 10, Client Receive Time: 5.000001692678779e-07

Client: 11
Receive Times:  [0.0, 0.0, 0.0, 0.0, 0.0]

Client: 11, Client Receive Time: 4.000012268079445e-07

Client: 12
Receive Times:  [0.0, 0.0, 0.0, 0.0, 0.0]

Client: 12, Client Receive Time: 5.000001692678779e-07

Client: 13
Receive Times:  [0.0, 0.0, 0.0, 0.0, 0.0]

Client: 13, Client Receive Time: 5.000001692678779e-07

Client: 14
Receive Times:  [0.0, 0.0, 0.0, 0.0, 0.0]

Client: 14, Client Receive Time: 4.000012268079445e-07

Send Time of Group 1: 0.0

Receive Time of Group 0: 0.0

Client: 0, Client Deduplicate Time: 0.00034

Client: 1, Client Deduplicate Time: 0.00034

Client: 2, Client Deduplicate Time: 0.00034

Client: 3, Client Deduplicate Time: 0.00034

Client: 4, Client Deduplicate Time: 0.00035

Client: 10, Client Deduplicate Time: 0.00034

Client: 11, Client Deduplicate Time: 0.00034

Client: 12, Client Deduplicate Time: 0.00034

Client: 13, Client Deduplicate Time: 0.00034

Client: 14, Client Deduplicate Time: 0.00035


Current Level:  0

Client: 10
Send Times:  [0.0, 0.0, 0.0, 0.0, 0.0, 0.0, 0.0, 0.0, 0.0, 0.0]

Client: 10, Client Send Time: 3.9999940781854093e-07

Client: 11
Send Times:  [0.0, 0.0, 0.0, 0.0, 0.0, 0.0, 0.0, 0.0, 0.0, 0.0]

Client: 11, Client Send Time: 3.0000046535860747e-07

Client: 12
Send Times:  [0.0, 0.0, 0.0, 0.0, 0.0, 0.0, 0.0, 0.0, 0.0, 0.0]

Client: 12, Client Send Time: 3.0000046535860747e-07

Client: 13
Send Times:  [0.0, 0.0, 0.0, 0.0, 0.0, 0.0, 0.0, 0.0, 0.0, 0.0]

Client: 13, Client Send Time: 3.0000046535860747e-07

Client: 14
Send Times:  [0.0, 0.0, 0.0, 0.0, 0.0, 0.0, 0.0, 0.0, 0.0, 0.0]

Client: 14, Client Send Time: 4.000012268079445e-07

Client: 15
Send Times:  [0.0, 0.0, 0.0, 0.0, 0.0, 0.0, 0.0, 0.0, 0.0, 0.0]

Client: 15, Client Send Time: 3.0000046535860747e-07

Client: 16
Send Times:  [0.0, 0.0, 0.0, 0.0, 0.0, 0.0, 0.0, 0.0, 0.0, 0.0]

Client: 16, Client Send Time: 3.0000046535860747e-07

Client: 17
Send Times:  [0.0, 0.0, 0.0, 0.0, 0.0, 0.0, 0.0, 0.0, 0.0, 0.0]

Client: 17, Client Send Time: 3.0000046535860747e-07

Client: 18
Send Times:  [0.0, 0.0, 0.0, 0.0, 0.0, 0.0, 0.0, 0.0, 0.0, 0.0]

Client: 18, Client Send Time: 3.0000046535860747e-07

Client: 19
Send Times:  [0.0, 0.0, 0.0, 0.0, 0.0, 0.0, 0.0, 0.0, 0.0, 0.0]

Client: 19, Client Send Time: 4.000012268079445e-07

Client: 0
Receive Times:  [0.0, 0.0, 0.0, 0.0, 0.0, 0.0, 0.0, 0.0, 0.0, 0.0]

Client: 0, Client Receive Time: 5.000001692678779e-07

Client: 1
Receive Times:  [0.0, 0.0, 0.0, 0.0, 0.0, 0.0, 0.0, 0.0, 0.0, 0.0]

Client: 1, Client Receive Time: 3.9999940781854093e-07

Client: 2
Receive Times:  [0.0, 0.0, 0.0, 0.0, 0.0, 0.0, 0.0, 0.0, 0.0, 0.0]

Client: 2, Client Receive Time: 3.9999940781854093e-07

Client: 3
Receive Times:  [0.0, 0.0, 0.0, 0.0, 0.0, 0.0, 0.0, 0.0, 0.0, 0.0]

Client: 3, Client Receive Time: 3.9999940781854093e-07

Client: 4
Receive Times:  [0.0, 0.0, 0.0, 0.0, 0.0, 0.0, 0.0, 0.0, 0.0, 0.0]

Client: 4, Client Receive Time: 5.000001692678779e-07

Client: 5
Receive Times:  [0.0, 0.0, 0.0, 0.0, 0.0, 0.0, 0.0, 0.0, 0.0, 0.0]

Client: 5, Client Receive Time: 5.000001692678779e-07

Client: 6
Receive Times:  [0.0, 0.0, 0.0, 0.0, 0.0, 0.0, 0.0, 0.0, 0.0, 0.0]

Client: 6, Client Receive Time: 4.000012268079445e-07

Client: 7
Receive Times:  [0.0, 0.0, 0.0, 0.0, 0.0, 0.0, 0.0, 0.0, 0.0, 0.0]

Client: 7, Client Receive Time: 5.000001692678779e-07

Client: 8
Receive Times:  [0.0, 0.0, 0.0, 0.0, 0.0, 0.0, 0.0, 0.0, 0.0, 0.0]

Client: 8, Client Receive Time: 4.000012268079445e-07

Client: 9
Receive Times:  [0.0, 0.0, 0.0, 0.0, 0.0, 0.0, 0.0, 0.0, 0.0, 0.0]

Client: 9, Client Receive Time: 5.000001692678779e-07

Send Time of Group 1: 0.0

Receive Time of Group 0: 0.0

Client: 0, Client Deduplicate Time: 0.00068

Client: 1, Client Deduplicate Time: 0.00068

Client: 2, Client Deduplicate Time: 0.00068

Client: 3, Client Deduplicate Time: 0.00068

Client: 4, Client Deduplicate Time: 0.00068

Client: 5, Client Deduplicate Time: 0.00068

Client: 6, Client Deduplicate Time: 0.00099

Client: 7, Client Deduplicate Time: 0.00087

Client: 8, Client Deduplicate Time: 0.00091

Client: 9, Client Deduplicate Time: 0.00129


Total time for entire protocol: 8.20028

Wall clock time
Start time:  2025-02-19 15:33:36.865097
End time:  2025-02-19 15:33:45.676500

Total data with duplicates:  20780
Total data without duplicates:  17550
