EG PSI Type:  EgPsiType.TYPE1

Current Level:  3

Client Encryptions and TP Receive


Group 0 clients

Client: 3, Client Encrypt Time: 0.00877
Client: 3, TP Receive Time: 0.00031

Group 1 clients

Client: 4, Client Encrypt Time: 0.00777
Client: 4, TP Receive Time: 0.00037

Group 0 clients

Client: 8, Client Encrypt Time: 0.00773
Client: 8, TP Receive Time: 0.0003

Group 1 clients

Client: 9, Client Encrypt Time: 0.00884
Client: 9, TP Receive Time: 0.0003

Client Deduplicate and TP Send


Client: 3, TP Send Time: 9e-05
Client: 3, Client Deduplicate Time: 4e-05

Client: 8, TP Send Time: 0.00011
Client: 8, Client Deduplicate Time: 4e-05

Level: 3, Time for entire level: 0.00939

Current Level:  2

Client Encryptions and TP Receive


Group 0 clients

Client: 0, Client Encrypt Time: 0.00925
Client: 0, TP Receive Time: 0.00027

Group 1 clients

Client: 1, Client Encrypt Time: 0.00934
Client: 1, TP Receive Time: 0.00059

Group 0 clients

Client: 2, Client Encrypt Time: 0.0151
Client: 2, TP Receive Time: 0.00054

Group 1 clients

Client: 3, Client Encrypt Time: 0.00662
Client: 3, TP Receive Time: 0.00024

Client: 4, Client Encrypt Time: 0.00684
Client: 4, TP Receive Time: 0.00025

Group 0 clients

Client: 5, Client Encrypt Time: 0.00702
Client: 5, TP Receive Time: 0.00027

Group 1 clients

Client: 6, Client Encrypt Time: 0.00831
Client: 6, TP Receive Time: 0.00028

Group 0 clients

Client: 7, Client Encrypt Time: 0.02048
Client: 7, TP Receive Time: 0.00056

Group 1 clients

Client: 8, Client Encrypt Time: 0.00686
Client: 8, TP Receive Time: 0.00025

Client: 9, Client Encrypt Time: 0.00706
Client: 9, TP Receive Time: 0.00026

Client Deduplicate and TP Send


Client: 0, TP Send Time: 9e-05
Client: 0, Client Deduplicate Time: 4e-05

Client: 2, TP Send Time: 0.00019
Client: 2, Client Deduplicate Time: 7e-05

Client: 5, TP Send Time: 9e-05
Client: 5, Client Deduplicate Time: 4e-05

Client: 7, TP Send Time: 0.00019
Client: 7, Client Deduplicate Time: 8e-05

Level: 2, Time for entire level: 0.02169

Current Level:  1

Client Encryptions and TP Receive


Group 0 clients

Client: 0, Client Encrypt Time: 0.0237
Client: 0, TP Receive Time: 0.00066

Client: 1, Client Encrypt Time: 0.02621
Client: 1, TP Receive Time: 0.00111

Group 1 clients

Client: 2, Client Encrypt Time: 0.01158
Client: 2, TP Receive Time: 0.00043

Client: 3, Client Encrypt Time: 0.01328
Client: 3, TP Receive Time: 0.00052

Client: 4, Client Encrypt Time: 0.01471
Client: 4, TP Receive Time: 0.00067

Group 0 clients

Client: 5, Client Encrypt Time: 0.02005
Client: 5, TP Receive Time: 0.00065

Client: 6, Client Encrypt Time: 0.02436
Client: 6, TP Receive Time: 0.00115

Group 1 clients

Client: 7, Client Encrypt Time: 0.01094
Client: 7, TP Receive Time: 0.00041

Client: 8, Client Encrypt Time: 0.01637
Client: 8, TP Receive Time: 0.00067

Client: 9, Client Encrypt Time: 0.01384
Client: 9, TP Receive Time: 0.00066

Client Deduplicate and TP Send


Client: 0, TP Send Time: 0.00027
Client: 0, Client Deduplicate Time: 0.00011

Client: 1, TP Send Time: 0.00058
Client: 1, Client Deduplicate Time: 0.00016

Client: 5, TP Send Time: 0.00027
Client: 5, Client Deduplicate Time: 0.00012

Client: 6, TP Send Time: 0.0006
Client: 6, Client Deduplicate Time: 0.00018

Level: 1, Time for entire level: 0.02924

Current Level:  0

Client Encryptions and TP Receive


Group 0 clients

Client: 0, Client Encrypt Time: 0.02218
Client: 0, TP Receive Time: 0.00223

Client: 1, Client Encrypt Time: 0.02728
Client: 1, TP Receive Time: 0.00136

Client: 2, Client Encrypt Time: 0.0351
Client: 2, TP Receive Time: 0.00114

Client: 3, Client Encrypt Time: 0.04806
Client: 3, TP Receive Time: 0.00279

Client: 4, Client Encrypt Time: 0.0414
Client: 4, TP Receive Time: 0.00145

Group 1 clients

Client: 5, Client Encrypt Time: 0.02182
Client: 5, TP Receive Time: 0.00078

Client: 6, Client Encrypt Time: 0.03204
Client: 6, TP Receive Time: 0.00131

Client: 7, Client Encrypt Time: 0.02896
Client: 7, TP Receive Time: 0.00102

Client: 8, Client Encrypt Time: 0.03579
Client: 8, TP Receive Time: 0.00147

Client: 9, Client Encrypt Time: 0.03746
Client: 9, TP Receive Time: 0.00142

Client Deduplicate and TP Send


Client: 0, TP Send Time: 0.00064
Client: 0, Client Deduplicate Time: 0.00026

Client: 1, TP Send Time: 0.00072
Client: 1, Client Deduplicate Time: 0.00025

Client: 2, TP Send Time: 0.00046
Client: 2, Client Deduplicate Time: 0.00017

Client: 3, TP Send Time: 0.00134
Client: 3, Client Deduplicate Time: 0.00041

Client: 4, TP Send Time: 0.00056
Client: 4, Client Deduplicate Time: 0.00019

Level: 0, Time for entire level: 0.05475


Total time for entire protocol: 0.11506

Wall clock time
Start time:  2025-02-19 15:33:21.219457
End time:  2025-02-19 15:33:21.918111

Total data with duplicates:  10290
Total data without duplicates:  5655
