EG PSI Type:  EgPsiType.TYPE1

Current Level:  3

Client Encryptions and TP Receive


Group 0 clients

Client: 3, Client Encrypt Time: 0.00691
Client: 3, TP Receive Time: 0.00025

Group 1 clients

Client: 4, Client Encrypt Time: 0.00741
Client: 4, TP Receive Time: 0.00028

Group 0 clients

Client: 8, Client Encrypt Time: 0.00939
Client: 8, TP Receive Time: 0.00026

Group 1 clients

Client: 9, Client Encrypt Time: 0.00691
Client: 9, TP Receive Time: 0.0021

Client Deduplicate and TP Send


Client: 3, TP Send Time: 9e-05
Client: 3, Client Deduplicate Time: 3e-05

Client: 8, TP Send Time: 9e-05
Client: 8, Client Deduplicate Time: 3e-05

Level: 3, Time for entire level: 0.00986

Current Level:  2

Client Encryptions and TP Receive


Group 0 clients

Client: 0, Client Encrypt Time: 0.00835
Client: 0, TP Receive Time: 0.00029

Group 1 clients

Client: 1, Client Encrypt Time: 0.00889
Client: 1, TP Receive Time: 0.00061

Group 0 clients

Client: 2, Client Encrypt Time: 0.01414
Client: 2, TP Receive Time: 0.00056

Group 1 clients

Client: 3, Client Encrypt Time: 0.0064
Client: 3, TP Receive Time: 0.00024

Client: 4, Client Encrypt Time: 0.00711
Client: 4, TP Receive Time: 0.00026

Group 0 clients

Client: 5, Client Encrypt Time: 0.0096
Client: 5, TP Receive Time: 0.00034

Group 1 clients

Client: 6, Client Encrypt Time: 0.00856
Client: 6, TP Receive Time: 0.00029

Group 0 clients

Client: 7, Client Encrypt Time: 0.01603
Client: 7, TP Receive Time: 0.00065

Group 1 clients

Client: 8, Client Encrypt Time: 0.00716
Client: 8, TP Receive Time: 0.00026

Client: 9, Client Encrypt Time: 0.00744
Client: 9, TP Receive Time: 0.00026

Client Deduplicate and TP Send


Client: 0, TP Send Time: 9e-05
Client: 0, Client Deduplicate Time: 3e-05

Client: 2, TP Send Time: 0.00018
Client: 2, Client Deduplicate Time: 5e-05

Client: 5, TP Send Time: 9e-05
Client: 5, Client Deduplicate Time: 3e-05

Client: 7, TP Send Time: 0.00018
Client: 7, Client Deduplicate Time: 5e-05

Level: 2, Time for entire level: 0.01728

Current Level:  1

Client Encryptions and TP Receive


Group 0 clients

Client: 0, Client Encrypt Time: 0.02104
Client: 0, TP Receive Time: 0.00073

Client: 1, Client Encrypt Time: 0.02511
Client: 1, TP Receive Time: 0.00192

Group 1 clients

Client: 2, Client Encrypt Time: 0.01321
Client: 2, TP Receive Time: 0.0005

Client: 3, Client Encrypt Time: 0.01388
Client: 3, TP Receive Time: 0.00054

Client: 4, Client Encrypt Time: 0.01411
Client: 4, TP Receive Time: 0.0007

Group 0 clients

Client: 5, Client Encrypt Time: 0.02094
Client: 5, TP Receive Time: 0.00071

Client: 6, Client Encrypt Time: 0.02063
Client: 6, TP Receive Time: 0.00107

Group 1 clients

Client: 7, Client Encrypt Time: 0.01423
Client: 7, TP Receive Time: 0.00066

Client: 8, Client Encrypt Time: 0.01705
Client: 8, TP Receive Time: 0.00061

Client: 9, Client Encrypt Time: 0.01608
Client: 9, TP Receive Time: 0.00066

Client Deduplicate and TP Send


Client: 0, TP Send Time: 0.00028
Client: 0, Client Deduplicate Time: 8e-05

Client: 1, TP Send Time: 0.00047
Client: 1, Client Deduplicate Time: 0.00012

Client: 5, TP Send Time: 0.00027
Client: 5, Client Deduplicate Time: 8e-05

Client: 6, TP Send Time: 0.00028
Client: 6, Client Deduplicate Time: 8e-05

Level: 1, Time for entire level: 0.02841

Current Level:  0

Client Encryptions and TP Receive


Group 0 clients

Client: 0, Client Encrypt Time: 0.03189
Client: 0, TP Receive Time: 0.00118

Client: 1, Client Encrypt Time: 0.03847
Client: 1, TP Receive Time: 0.00126

Client: 2, Client Encrypt Time: 0.03218
Client: 2, TP Receive Time: 0.00133

Client: 3, Client Encrypt Time: 0.03916
Client: 3, TP Receive Time: 0.00145

Client: 4, Client Encrypt Time: 0.04958
Client: 4, TP Receive Time: 0.00253

Group 1 clients

Client: 5, Client Encrypt Time: 0.03169
Client: 5, TP Receive Time: 0.00112

Client: 6, Client Encrypt Time: 0.02971
Client: 6, TP Receive Time: 0.00122

Client: 7, Client Encrypt Time: 0.03222
Client: 7, TP Receive Time: 0.00147

Client: 8, Client Encrypt Time: 0.03414
Client: 8, TP Receive Time: 0.00138

Client: 9, Client Encrypt Time: 0.0353
Client: 9, TP Receive Time: 0.00182

Client Deduplicate and TP Send


Client: 0, TP Send Time: 0.00079
Client: 0, Client Deduplicate Time: 0.00036

Client: 1, TP Send Time: 0.00051
Client: 1, Client Deduplicate Time: 0.00013

Client: 2, TP Send Time: 0.00052
Client: 2, Client Deduplicate Time: 0.00012

Client: 3, TP Send Time: 0.00059
Client: 3, Client Deduplicate Time: 0.00015

Client: 4, TP Send Time: 0.00056
Client: 4, Client Deduplicate Time: 0.00019

Level: 0, Time for entire level: 0.05527


Total time for entire protocol: 0.11081

Wall clock time
Start time:  2025-02-19 15:33:19.168040
End time:  2025-02-19 15:33:19.885142

Total data with duplicates:  10250
Total data without duplicates:  7685
