EG PSI Type:  EgPsiType.TYPE1

Current Level:  3

Client Encryptions and TP Receive


Group 0 clients

Client: 3, Client Encrypt Time: 0.00759
Client: 3, TP Receive Time: 0.00048

Group 1 clients

Client: 4, Client Encrypt Time: 0.00696
Client: 4, TP Receive Time: 0.00026

Group 0 clients

Client: 8, Client Encrypt Time: 0.00685
Client: 8, TP Receive Time: 0.00025

Group 1 clients

Client: 9, Client Encrypt Time: 0.00748
Client: 9, TP Receive Time: 0.00026

Client Deduplicate and TP Send


Client: 3, TP Send Time: 0.00017
Client: 3, Client Deduplicate Time: 2e-05

Client: 8, TP Send Time: 9e-05
Client: 8, Client Deduplicate Time: 2e-05

Level: 3, Time for entire level: 0.00833

Current Level:  2

Client Encryptions and TP Receive


Group 0 clients

Client: 0, Client Encrypt Time: 0.00712
Client: 0, TP Receive Time: 0.00029

Group 1 clients

Client: 1, Client Encrypt Time: 0.00888
Client: 1, TP Receive Time: 0.00029

Group 0 clients

Client: 2, Client Encrypt Time: 0.01391
Client: 2, TP Receive Time: 0.00055

Group 1 clients

Client: 3, Client Encrypt Time: 0.00863
Client: 3, TP Receive Time: 0.00036

Client: 4, Client Encrypt Time: 0.00796
Client: 4, TP Receive Time: 0.00025

Group 0 clients

Client: 5, Client Encrypt Time: 0.00691
Client: 5, TP Receive Time: 0.00029

Group 1 clients

Client: 6, Client Encrypt Time: 0.00724
Client: 6, TP Receive Time: 0.00031

Group 0 clients

Client: 7, Client Encrypt Time: 0.01766
Client: 7, TP Receive Time: 0.00063

Group 1 clients

Client: 8, Client Encrypt Time: 0.00674
Client: 8, TP Receive Time: 0.00029

Client: 9, Client Encrypt Time: 0.00886
Client: 9, TP Receive Time: 0.00038

Client Deduplicate and TP Send


Client: 0, TP Send Time: 9e-05
Client: 0, Client Deduplicate Time: 2e-05

Client: 2, TP Send Time: 0.00017
Client: 2, Client Deduplicate Time: 3e-05

Client: 5, TP Send Time: 9e-05
Client: 5, Client Deduplicate Time: 2e-05

Client: 7, TP Send Time: 0.00017
Client: 7, Client Deduplicate Time: 3e-05

Level: 2, Time for entire level: 0.01884

Current Level:  1

Client Encryptions and TP Receive


Group 0 clients

Client: 0, Client Encrypt Time: 0.02108
Client: 0, TP Receive Time: 0.00074

Client: 1, Client Encrypt Time: 0.02122
Client: 1, TP Receive Time: 0.00102

Group 1 clients

Client: 2, Client Encrypt Time: 0.013
Client: 2, TP Receive Time: 0.00057

Client: 3, Client Encrypt Time: 0.01341
Client: 3, TP Receive Time: 0.0005

Client: 4, Client Encrypt Time: 0.01392
Client: 4, TP Receive Time: 0.00063

Group 0 clients

Client: 5, Client Encrypt Time: 0.02026
Client: 5, TP Receive Time: 0.00072

Client: 6, Client Encrypt Time: 0.02385
Client: 6, TP Receive Time: 0.00103

Group 1 clients

Client: 7, Client Encrypt Time: 0.01534
Client: 7, TP Receive Time: 0.00072

Client: 8, Client Encrypt Time: 0.01492
Client: 8, TP Receive Time: 0.0005

Client: 9, Client Encrypt Time: 0.01595
Client: 9, TP Receive Time: 0.00081

Client Deduplicate and TP Send


Client: 0, TP Send Time: 0.00027
Client: 0, Client Deduplicate Time: 5e-05

Client: 1, TP Send Time: 0.00027
Client: 1, Client Deduplicate Time: 5e-05

Client: 5, TP Send Time: 0.0007
Client: 5, Client Deduplicate Time: 0.0002

Client: 6, TP Send Time: 0.00026
Client: 6, Client Deduplicate Time: 7e-05

Level: 1, Time for entire level: 0.02646

Current Level:  0

Client Encryptions and TP Receive


Group 0 clients

Client: 0, Client Encrypt Time: 0.03316
Client: 0, TP Receive Time: 0.00135

Client: 1, Client Encrypt Time: 0.03353
Client: 1, TP Receive Time: 0.00145

Client: 2, Client Encrypt Time: 0.03615
Client: 2, TP Receive Time: 0.00224

Client: 3, Client Encrypt Time: 0.03685
Client: 3, TP Receive Time: 0.00243

Client: 4, Client Encrypt Time: 0.04027
Client: 4, TP Receive Time: 0.00155

Group 1 clients

Client: 5, Client Encrypt Time: 0.03731
Client: 5, TP Receive Time: 0.00165

Client: 6, Client Encrypt Time: 0.04
Client: 6, TP Receive Time: 0.00141

Client: 7, Client Encrypt Time: 0.05139
Client: 7, TP Receive Time: 0.00156

Client: 8, Client Encrypt Time: 0.03422
Client: 8, TP Receive Time: 0.00135

Client: 9, Client Encrypt Time: 0.03432
Client: 9, TP Receive Time: 0.00178

Client Deduplicate and TP Send


Client: 0, TP Send Time: 0.0005
Client: 0, Client Deduplicate Time: 8e-05

Client: 1, TP Send Time: 0.00053
Client: 1, Client Deduplicate Time: 8e-05

Client: 2, TP Send Time: 0.00106
Client: 2, Client Deduplicate Time: 0.00016

Client: 3, TP Send Time: 0.00048
Client: 3, Client Deduplicate Time: 9e-05

Client: 4, TP Send Time: 0.00058
Client: 4, Client Deduplicate Time: 9e-05

Level: 0, Time for entire level: 0.0562


Total time for entire protocol: 0.10983

Wall clock time
Start time:  2025-02-19 15:33:18.115084
End time:  2025-02-19 15:33:18.850039

Total data with duplicates:  10290
Total data without duplicates:  9750
