EG PSI Type:  EgPsiType.TYPE1

Current Level:  3

Client Encryptions and TP Receive


Group 0 clients

Client: 3, Client Encrypt Time: 0.00687
Client: 3, TP Receive Time: 0.00027

Group 1 clients

Client: 4, Client Encrypt Time: 0.0072
Client: 4, TP Receive Time: 0.00027

Group 0 clients

Client: 8, Client Encrypt Time: 0.00691
Client: 8, TP Receive Time: 0.00028

Group 1 clients

Client: 9, Client Encrypt Time: 0.00776
Client: 9, TP Receive Time: 0.00028

Client Deduplicate and TP Send


Client: 3, TP Send Time: 9e-05
Client: 3, Client Deduplicate Time: 2e-05

Client: 8, TP Send Time: 9e-05
Client: 8, Client Deduplicate Time: 2e-05

Level: 3, Time for entire level: 0.00824

Current Level:  2

Client Encryptions and TP Receive


Group 0 clients

Client: 0, Client Encrypt Time: 0.00715
Client: 0, TP Receive Time: 0.00027

Group 1 clients

Client: 1, Client Encrypt Time: 0.00963
Client: 1, TP Receive Time: 0.00029

Group 0 clients

Client: 2, Client Encrypt Time: 0.01447
Client: 2, TP Receive Time: 0.00056

Group 1 clients

Client: 3, Client Encrypt Time: 0.00708
Client: 3, TP Receive Time: 0.00032

Client: 4, Client Encrypt Time: 0.0069
Client: 4, TP Receive Time: 0.00025

Group 0 clients

Client: 5, Client Encrypt Time: 0.0069
Client: 5, TP Receive Time: 0.00028

Group 1 clients

Client: 6, Client Encrypt Time: 0.00934
Client: 6, TP Receive Time: 0.00032

Group 0 clients

Client: 7, Client Encrypt Time: 0.01381
Client: 7, TP Receive Time: 0.00057

Group 1 clients

Client: 8, Client Encrypt Time: 0.00698
Client: 8, TP Receive Time: 0.00027

Client: 9, Client Encrypt Time: 0.00687
Client: 9, TP Receive Time: 0.00025

Client Deduplicate and TP Send


Client: 0, TP Send Time: 9e-05
Client: 0, Client Deduplicate Time: 2e-05

Client: 2, TP Send Time: 0.00018
Client: 2, Client Deduplicate Time: 4e-05

Client: 5, TP Send Time: 9e-05
Client: 5, Client Deduplicate Time: 2e-05

Client: 7, TP Send Time: 0.00018
Client: 7, Client Deduplicate Time: 4e-05

Level: 2, Time for entire level: 0.0156

Current Level:  1

Client Encryptions and TP Receive


Group 0 clients

Client: 0, Client Encrypt Time: 0.02103
Client: 0, TP Receive Time: 0.00074

Client: 1, Client Encrypt Time: 0.02363
Client: 1, TP Receive Time: 0.0011

Group 1 clients

Client: 2, Client Encrypt Time: 0.01325
Client: 2, TP Receive Time: 0.00049

Client: 3, Client Encrypt Time: 0.01375
Client: 3, TP Receive Time: 0.00058

Client: 4, Client Encrypt Time: 0.01426
Client: 4, TP Receive Time: 0.00069

Group 0 clients

Client: 5, Client Encrypt Time: 0.02035
Client: 5, TP Receive Time: 0.00072

Client: 6, Client Encrypt Time: 0.02099
Client: 6, TP Receive Time: 0.00114

Group 1 clients

Client: 7, Client Encrypt Time: 0.01346
Client: 7, TP Receive Time: 0.0005

Client: 8, Client Encrypt Time: 0.01339
Client: 8, TP Receive Time: 0.00049

Client: 9, Client Encrypt Time: 0.01391
Client: 9, TP Receive Time: 0.00066

Client Deduplicate and TP Send


Client: 0, TP Send Time: 0.00028
Client: 0, Client Deduplicate Time: 6e-05

Client: 1, TP Send Time: 0.00028
Client: 1, Client Deduplicate Time: 7e-05

Client: 5, TP Send Time: 0.00027
Client: 5, Client Deduplicate Time: 6e-05

Client: 6, TP Send Time: 0.00028
Client: 6, Client Deduplicate Time: 7e-05

Level: 1, Time for entire level: 0.02591

Current Level:  0

Client Encryptions and TP Receive


Group 0 clients

Client: 0, Client Encrypt Time: 0.03091
Client: 0, TP Receive Time: 0.00121

Client: 1, Client Encrypt Time: 0.07474
Client: 1, TP Receive Time: 0.00149

Client: 2, Client Encrypt Time: 0.03626
Client: 2, TP Receive Time: 0.00243

Client: 3, Client Encrypt Time: 0.05687
Client: 3, TP Receive Time: 0.00222

Client: 4, Client Encrypt Time: 0.04075
Client: 4, TP Receive Time: 0.00308

Group 1 clients

Client: 5, Client Encrypt Time: 0.03026
Client: 5, TP Receive Time: 0.00125

Client: 6, Client Encrypt Time: 0.03667
Client: 6, TP Receive Time: 0.00249

Client: 7, Client Encrypt Time: 0.03766
Client: 7, TP Receive Time: 0.00154

Client: 8, Client Encrypt Time: 0.03474
Client: 8, TP Receive Time: 0.00132

Client: 9, Client Encrypt Time: 0.03572
Client: 9, TP Receive Time: 0.00327

Client Deduplicate and TP Send


Client: 0, TP Send Time: 0.00046
Client: 0, Client Deduplicate Time: 0.0001

Client: 1, TP Send Time: 0.00056
Client: 1, Client Deduplicate Time: 0.00011

Client: 2, TP Send Time: 0.004
Client: 2, Client Deduplicate Time: 0.00121

Client: 3, TP Send Time: 0.00063
Client: 3, Client Deduplicate Time: 0.00013

Client: 4, TP Send Time: 0.00071
Client: 4, Client Deduplicate Time: 0.00015

Level: 0, Time for entire level: 0.08272


Total time for entire protocol: 0.13248

Wall clock time
Start time:  2025-02-19 15:33:10.510275
End time:  2025-02-19 15:33:11.276971

Total data with duplicates:  10310
Total data without duplicates:  8735
