EG PSI Type:  EgPsiType.TYPE1

Current Level:  3

Client Encryptions and TP Receive


Group 0 clients

Client: 3, Client Encrypt Time: 0.00044
Client: 3, TP Receive Time: 3e-05

Group 1 clients

Client: 4, Client Encrypt Time: 0.0003
Client: 4, TP Receive Time: 1e-05

Group 0 clients

Client: 8, Client Encrypt Time: 0.00028
Client: 8, TP Receive Time: 1e-05

Group 1 clients

Client: 9, Client Encrypt Time: 0.00029
Client: 9, TP Receive Time: 1e-05

Client Deduplicate and TP Send


Client: 3, TP Send Time: 1e-05
Client: 3, Client Deduplicate Time: 1e-05

Client: 8, TP Send Time: 0.0
Client: 8, Client Deduplicate Time: 0.0

Level: 3, Time for entire level: 0.00048

Current Level:  2

Client Encryptions and TP Receive


Group 0 clients

Client: 0, Client Encrypt Time: 0.00028
Client: 0, TP Receive Time: 1e-05

Group 1 clients

Client: 1, Client Encrypt Time: 0.00191
Client: 1, TP Receive Time: 1e-05

Group 0 clients

Client: 2, Client Encrypt Time: 0.00098
Client: 2, TP Receive Time: 3e-05

Group 1 clients

Client: 3, Client Encrypt Time: 0.0004
Client: 3, TP Receive Time: 2e-05

Client: 4, Client Encrypt Time: 0.00054
Client: 4, TP Receive Time: 3e-05

Group 0 clients

Client: 5, Client Encrypt Time: 0.00034
Client: 5, TP Receive Time: 1e-05

Group 1 clients

Client: 6, Client Encrypt Time: 0.00029
Client: 6, TP Receive Time: 1e-05

Group 0 clients

Client: 7, Client Encrypt Time: 0.00055
Client: 7, TP Receive Time: 3e-05

Group 1 clients

Client: 8, Client Encrypt Time: 0.00027
Client: 8, TP Receive Time: 1e-05

Client: 9, Client Encrypt Time: 0.00028
Client: 9, TP Receive Time: 1e-05

Client Deduplicate and TP Send


Client: 0, TP Send Time: 0.0
Client: 0, Client Deduplicate Time: 0.0

Client: 2, TP Send Time: 1e-05
Client: 2, Client Deduplicate Time: 0.0

Client: 5, TP Send Time: 0.0
Client: 5, Client Deduplicate Time: 0.0

Client: 7, TP Send Time: 1e-05
Client: 7, Client Deduplicate Time: 0.0

Level: 2, Time for entire level: 0.00195

Current Level:  1

Client Encryptions and TP Receive


Group 0 clients

Client: 0, Client Encrypt Time: 0.00081
Client: 0, TP Receive Time: 3e-05

Client: 1, Client Encrypt Time: 0.00086
Client: 1, TP Receive Time: 4e-05

Group 1 clients

Client: 2, Client Encrypt Time: 0.00049
Client: 2, TP Receive Time: 2e-05

Client: 3, Client Encrypt Time: 0.00054
Client: 3, TP Receive Time: 2e-05

Client: 4, Client Encrypt Time: 0.00056
Client: 4, TP Receive Time: 3e-05

Group 0 clients

Client: 5, Client Encrypt Time: 0.00077
Client: 5, TP Receive Time: 3e-05

Client: 6, Client Encrypt Time: 0.0011
Client: 6, TP Receive Time: 6e-05

Group 1 clients

Client: 7, Client Encrypt Time: 0.00049
Client: 7, TP Receive Time: 2e-05

Client: 8, Client Encrypt Time: 0.00052
Client: 8, TP Receive Time: 2e-05

Client: 9, Client Encrypt Time: 0.00054
Client: 9, TP Receive Time: 2e-05

Client Deduplicate and TP Send


Client: 0, TP Send Time: 1e-05
Client: 0, Client Deduplicate Time: 0.0

Client: 1, TP Send Time: 1e-05
Client: 1, Client Deduplicate Time: 0.0

Client: 5, TP Send Time: 1e-05
Client: 5, Client Deduplicate Time: 0.0

Client: 6, TP Send Time: 3e-05
Client: 6, Client Deduplicate Time: 1e-05

Level: 1, Time for entire level: 0.00123

Current Level:  0

Client Encryptions and TP Receive


Group 0 clients

Client: 0, Client Encrypt Time: 0.00108
Client: 0, TP Receive Time: 4e-05

Client: 1, Client Encrypt Time: 0.00119
Client: 1, TP Receive Time: 5e-05

Client: 2, Client Encrypt Time: 0.00129
Client: 2, TP Receive Time: 0.00015

Client: 3, Client Encrypt Time: 0.00141
Client: 3, TP Receive Time: 5e-05

Client: 4, Client Encrypt Time: 0.00137
Client: 4, TP Receive Time: 5e-05

Group 1 clients

Client: 5, Client Encrypt Time: 0.00121
Client: 5, TP Receive Time: 5e-05

Client: 6, Client Encrypt Time: 0.00115
Client: 6, TP Receive Time: 4e-05

Client: 7, Client Encrypt Time: 0.00134
Client: 7, TP Receive Time: 7e-05

Client: 8, Client Encrypt Time: 0.00169
Client: 8, TP Receive Time: 0.00023

Client: 9, Client Encrypt Time: 0.00199
Client: 9, TP Receive Time: 5e-05

Client Deduplicate and TP Send


Client: 0, TP Send Time: 2e-05
Client: 0, Client Deduplicate Time: 1e-05

Client: 1, TP Send Time: 2e-05
Client: 1, Client Deduplicate Time: 1e-05

Client: 2, TP Send Time: 2e-05
Client: 2, Client Deduplicate Time: 1e-05

Client: 3, TP Send Time: 2e-05
Client: 3, Client Deduplicate Time: 1e-05

Client: 4, TP Send Time: 0.00012
Client: 4, Client Deduplicate Time: 1e-05

Level: 0, Time for entire level: 0.00225


Total time for entire protocol: 0.00591

Wall clock time
Start time:  2025-02-19 15:33:09.758029
End time:  2025-02-19 15:33:09.789621

Total data with duplicates:  400
Total data without duplicates:  310
