EG PSI Type:  EgPsiType.TYPE1

Current Level:  3

Client Encryptions and TP Receive


Group 0 clients

Client: 3, Client Encrypt Time: 0.00091
Client: 3, TP Receive Time: 3e-05

Group 1 clients

Client: 4, Client Encrypt Time: 0.0009
Client: 4, TP Receive Time: 4e-05

Group 0 clients

Client: 8, Client Encrypt Time: 0.00088
Client: 8, TP Receive Time: 3e-05

Group 1 clients

Client: 9, Client Encrypt Time: 0.00088
Client: 9, TP Receive Time: 3e-05

Client Deduplicate and TP Send


Client: 3, TP Send Time: 1e-05
Client: 3, Client Deduplicate Time: 0.0

Client: 8, TP Send Time: 1e-05
Client: 8, Client Deduplicate Time: 0.0

Level: 3, Time for entire level: 0.00097

Current Level:  2

Client Encryptions and TP Receive


Group 0 clients

Client: 0, Client Encrypt Time: 0.00092
Client: 0, TP Receive Time: 3e-05

Group 1 clients

Client: 1, Client Encrypt Time: 0.00241
Client: 1, TP Receive Time: 4e-05

Group 0 clients

Client: 2, Client Encrypt Time: 0.00182
Client: 2, TP Receive Time: 7e-05

Group 1 clients

Client: 3, Client Encrypt Time: 0.00087
Client: 3, TP Receive Time: 3e-05

Client: 4, Client Encrypt Time: 0.00092
Client: 4, TP Receive Time: 3e-05

Group 0 clients

Client: 5, Client Encrypt Time: 0.00089
Client: 5, TP Receive Time: 3e-05

Group 1 clients

Client: 6, Client Encrypt Time: 0.00089
Client: 6, TP Receive Time: 4e-05

Group 0 clients

Client: 7, Client Encrypt Time: 0.00175
Client: 7, TP Receive Time: 7e-05

Group 1 clients

Client: 8, Client Encrypt Time: 0.00085
Client: 8, TP Receive Time: 3e-05

Client: 9, Client Encrypt Time: 0.00088
Client: 9, TP Receive Time: 3e-05

Client Deduplicate and TP Send


Client: 0, TP Send Time: 1e-05
Client: 0, Client Deduplicate Time: 0.0

Client: 2, TP Send Time: 2e-05
Client: 2, Client Deduplicate Time: 1e-05

Client: 5, TP Send Time: 1e-05
Client: 5, Client Deduplicate Time: 0.0

Client: 7, TP Send Time: 2e-05
Client: 7, Client Deduplicate Time: 1e-05

Level: 2, Time for entire level: 0.00253

Current Level:  1

Client Encryptions and TP Receive


Group 0 clients

Client: 0, Client Encrypt Time: 0.00271
Client: 0, TP Receive Time: 0.0001

Client: 1, Client Encrypt Time: 0.00269
Client: 1, TP Receive Time: 0.00014

Group 1 clients

Client: 2, Client Encrypt Time: 0.00162
Client: 2, TP Receive Time: 6e-05

Client: 3, Client Encrypt Time: 0.00168
Client: 3, TP Receive Time: 6e-05

Client: 4, Client Encrypt Time: 0.00211
Client: 4, TP Receive Time: 8e-05

Group 0 clients

Client: 5, Client Encrypt Time: 0.00256
Client: 5, TP Receive Time: 9e-05

Client: 6, Client Encrypt Time: 0.00267
Client: 6, TP Receive Time: 0.00011

Group 1 clients

Client: 7, Client Encrypt Time: 0.00219
Client: 7, TP Receive Time: 0.00012

Client: 8, Client Encrypt Time: 0.00248
Client: 8, TP Receive Time: 7e-05

Client: 9, Client Encrypt Time: 0.00179
Client: 9, TP Receive Time: 7e-05

Client Deduplicate and TP Send


Client: 0, TP Send Time: 3e-05
Client: 0, Client Deduplicate Time: 1e-05

Client: 1, TP Send Time: 3e-05
Client: 1, Client Deduplicate Time: 1e-05

Client: 5, TP Send Time: 4e-05
Client: 5, Client Deduplicate Time: 1e-05

Client: 6, TP Send Time: 3e-05
Client: 6, Client Deduplicate Time: 1e-05

Level: 1, Time for entire level: 0.00298

Current Level:  0

Client Encryptions and TP Receive


Group 0 clients

Client: 0, Client Encrypt Time: 0.00392
Client: 0, TP Receive Time: 0.00014

Client: 1, Client Encrypt Time: 0.00393
Client: 1, TP Receive Time: 0.00014

Client: 2, Client Encrypt Time: 0.00412
Client: 2, TP Receive Time: 0.00015

Client: 3, Client Encrypt Time: 0.00449
Client: 3, TP Receive Time: 0.00017

Client: 4, Client Encrypt Time: 0.00449
Client: 4, TP Receive Time: 0.0003

Group 1 clients

Client: 5, Client Encrypt Time: 0.00475
Client: 5, TP Receive Time: 0.00017

Client: 6, Client Encrypt Time: 0.00401
Client: 6, TP Receive Time: 0.00021

Client: 7, Client Encrypt Time: 0.00447
Client: 7, TP Receive Time: 0.00018

Client: 8, Client Encrypt Time: 0.00435
Client: 8, TP Receive Time: 0.00016

Client: 9, Client Encrypt Time: 0.00481
Client: 9, TP Receive Time: 0.00026

Client Deduplicate and TP Send


Client: 0, TP Send Time: 5e-05
Client: 0, Client Deduplicate Time: 1e-05

Client: 1, TP Send Time: 5e-05
Client: 1, Client Deduplicate Time: 1e-05

Client: 2, TP Send Time: 6e-05
Client: 2, Client Deduplicate Time: 1e-05

Client: 3, TP Send Time: 6e-05
Client: 3, Client Deduplicate Time: 1e-05

Client: 4, TP Send Time: 6e-05
Client: 4, Client Deduplicate Time: 1e-05

Level: 0, Time for entire level: 0.00537


Total time for entire protocol: 0.01184

Wall clock time
Start time:  2025-02-19 15:33:10.108014
End time:  2025-02-19 15:33:10.198570

Total data with duplicates:  1340
Total data without duplicates:  1115
